<?xml version="1.0" encoding="UTF-8" ?>
<testsuite errors="0" failures="0" hostname="engel-Presario-C700-Notebook-PC" name="empleado.JornadaDeTrabajoTest" skipped="0" tests="6" time="1.146" timestamp="2018-06-16T01:17:37">
  <properties>
[...]
</properties>
  <testcase classname="empleado.JornadaDeTrabajoTest" name="NoPuedeIniciarMasJornada_YaFueCerradaLaJornadaEnCurso" time="0.622" />
  <testcase classname="empleado.JornadaDeTrabajoTest" name="jornadaSinIniciar" time="0.001" />
  <testcase classname="empleado.JornadaDeTrabajoTest" name="noSePuedeIniciarLaJornadaPorQueAunNoHayEmpleadosRegistrados" time="0.002" />
  <testcase classname="empleado.JornadaDeTrabajoTest" name="jornadaIniciadaYFinalizadaConExito" time="0.049" />
  <testcase classname="empleado.JornadaDeTrabajoTest" name="yaHayUnaJornadaEnCurso" time="0.008" />
  <testcase classname="empleado.JornadaDeTrabajoTest" name="NoSePuedeCerrarLaJornadaPorQueFaltanEmpleadosPorMarcarSuSalida" time="0.002" />
  <system-out><![CDATA[]]></system-out>
  <system-err><![CDATA[]]></system-err>
</testsuite>
